[debug] [2025-12-28T04:06:11.889Z] ----------------------------------------------------------------------
[debug] [2025-12-28T04:06:11.892Z] Command:       C:\Program Files\nodejs\node.exe C:\Users\techs\AppData\Roaming\npm\node_modules\firebase-tools\lib\bin\firebase.js deploy --only functions:generateInvoicePDF
[debug] [2025-12-28T04:06:11.893Z] CLI Version:   15.1.0
[debug] [2025-12-28T04:06:11.893Z] Platform:      win32
[debug] [2025-12-28T04:06:11.893Z] Node Version:  v22.12.0
[debug] [2025-12-28T04:06:11.894Z] Time:          Sat Dec 27 2025 23:06:11 GMT-0500 (Eastern Standard Time)
[debug] [2025-12-28T04:06:11.894Z] ----------------------------------------------------------------------
[debug] 
[debug] [2025-12-28T04:06:14.065Z] > command requires scopes: ["email","openid","https://www.googleapis.com/auth/cloudplatformprojects.readonly","https://www.googleapis.com/auth/firebase","https://www.googleapis.com/auth/cloud-platform"]
[debug] [2025-12-28T04:06:14.066Z] > authorizing via signed-in user (ujaasaroma@gmail.com)
[debug] [2025-12-28T04:06:14.066Z] [iam] checking project kraftsnknots-921a0 for permissions ["cloudfunctions.functions.create","cloudfunctions.functions.delete","cloudfunctions.functions.get","cloudfunctions.functions.list","cloudfunctions.functions.update","cloudfunctions.operations.get","firebase.projects.get"]
[debug] [2025-12-28T04:06:14.067Z] Checked if tokens are valid: false, expires at: 1766893188792
[debug] [2025-12-28T04:06:14.067Z] Checked if tokens are valid: false, expires at: 1766893188792
[debug] [2025-12-28T04:06:14.068Z] > refreshing access token with scopes: []
[debug] [2025-12-28T04:06:14.069Z] >>> [apiv2][query] POST https://www.googleapis.com/oauth2/v3/token [none]
[debug] [2025-12-28T04:06:14.069Z] >>> [apiv2][body] POST https://www.googleapis.com/oauth2/v3/token [omitted]
[debug] [2025-12-28T04:06:14.369Z] <<< [apiv2][status] POST https://www.googleapis.com/oauth2/v3/token 200
[debug] [2025-12-28T04:06:14.370Z] <<< [apiv2][body] POST https://www.googleapis.com/oauth2/v3/token [omitted]
[debug] [2025-12-28T04:06:14.376Z] >>> [apiv2][query] POST https://cloudresourcemanager.googleapis.com/v1/projects/kraftsnknots-921a0:testIamPermissions [none]
[debug] [2025-12-28T04:06:14.376Z] >>> [apiv2][(partial)header] POST https://cloudresourcemanager.googleapis.com/v1/projects/kraftsnknots-921a0:testIamPermissions x-goog-quota-user=projects/kraftsnknots-921a0
[debug] [2025-12-28T04:06:14.376Z] >>> [apiv2][body] POST https://cloudresourcemanager.googleapis.com/v1/projects/kraftsnknots-921a0:testIamPermissions {"permissions":["cloudfunctions.functions.create","cloudfunctions.functions.delete","cloudfunctions.functions.get","cloudfunctions.functions.list","cloudfunctions.functions.update","cloudfunctions.operations.get","firebase.projects.get"]}
[debug] [2025-12-28T04:06:14.950Z] <<< [apiv2][status] POST https://cloudresourcemanager.googleapis.com/v1/projects/kraftsnknots-921a0:testIamPermissions 200
[debug] [2025-12-28T04:06:14.950Z] <<< [apiv2][body] POST https://cloudresourcemanager.googleapis.com/v1/projects/kraftsnknots-921a0:testIamPermissions {"permissions":["cloudfunctions.functions.create","cloudfunctions.functions.delete","cloudfunctions.functions.get","cloudfunctions.functions.list","cloudfunctions.functions.update","cloudfunctions.operations.get","firebase.projects.get"]}
[debug] [2025-12-28T04:06:14.951Z] Checked if tokens are valid: true, expires at: 1766898373370
[debug] [2025-12-28T04:06:14.951Z] Checked if tokens are valid: true, expires at: 1766898373370
[debug] [2025-12-28T04:06:14.951Z] >>> [apiv2][query] POST https://iam.googleapis.com/v1/projects/kraftsnknots-921a0/serviceAccounts/kraftsnknots-921a0@appspot.gserviceaccount.com:testIamPermissions [none]
[debug] [2025-12-28T04:06:14.951Z] >>> [apiv2][body] POST https://iam.googleapis.com/v1/projects/kraftsnknots-921a0/serviceAccounts/kraftsnknots-921a0@appspot.gserviceaccount.com:testIamPermissions {"permissions":["iam.serviceAccounts.actAs"]}
[debug] [2025-12-28T04:06:15.290Z] <<< [apiv2][status] POST https://iam.googleapis.com/v1/projects/kraftsnknots-921a0/serviceAccounts/kraftsnknots-921a0@appspot.gserviceaccount.com:testIamPermissions 404
[debug] [2025-12-28T04:06:15.290Z] <<< [apiv2][body] POST https://iam.googleapis.com/v1/projects/kraftsnknots-921a0/serviceAccounts/kraftsnknots-921a0@appspot.gserviceaccount.com:testIamPermissions {"error":{"code":404,"message":"Unknown service account","status":"NOT_FOUND"}}
[debug] [2025-12-28T04:06:15.290Z] [functions] service account IAM check errored, deploy may fail: Request to https://iam.googleapis.com/v1/projects/kraftsnknots-921a0/serviceAccounts/kraftsnknots-921a0@appspot.gserviceaccount.com:testIamPermissions had HTTP Error: 404, Unknown service account {"name":"FirebaseError","children":[],"context":{"body":{"error":{"code":404,"message":"Unknown service account","status":"NOT_FOUND"}},"response":{"statusCode":404}},"exit":1,"message":"Request to https://iam.googleapis.com/v1/projects/kraftsnknots-921a0/serviceAccounts/kraftsnknots-921a0@appspot.gserviceaccount.com:testIamPermissions had HTTP Error: 404, Unknown service account","status":404}
[info] 
[info] === Deploying to 'kraftsnknots-921a0'...
[info] 
[info] i  deploying functions 
[debug] [2025-12-28T04:06:15.295Z] Checked if tokens are valid: true, expires at: 1766898373370
[debug] [2025-12-28T04:06:15.295Z] Checked if tokens are valid: true, expires at: 1766898373370
[debug] [2025-12-28T04:06:15.295Z] >>> [apiv2][query] GET https://cloudresourcemanager.googleapis.com/v1/projects/kraftsnknots-921a0 [none]
[debug] [2025-12-28T04:06:15.391Z] <<< [apiv2][status] GET https://cloudresourcemanager.googleapis.com/v1/projects/kraftsnknots-921a0 200
[debug] [2025-12-28T04:06:15.391Z] <<< [apiv2][body] GET https://cloudresourcemanager.googleapis.com/v1/projects/kraftsnknots-921a0 {"projectNumber":"566392222908","projectId":"kraftsnknots-921a0","lifecycleState":"ACTIVE","name":"kraftsnknots","labels":{"firebase":"enabled","firebase-core":"disabled"},"createTime":"2025-12-25T04:32:21.361881Z"}
[info] i  functions: preparing codebase default for deployment 
[info] i  functions: ensuring required API cloudfunctions.googleapis.com is enabled... 
[info] i  functions: ensuring required API cloudbuild.googleapis.com is enabled... 
[info] i  artifactregistry: ensuring required API artifactregistry.googleapis.com is enabled... 
[debug] [2025-12-28T04:06:15.394Z] Checked if tokens are valid: true, expires at: 1766898373370
[debug] [2025-12-28T04:06:15.395Z] Checked if tokens are valid: true, expires at: 1766898373370
[debug] [2025-12-28T04:06:15.395Z] >>> [apiv2][query] GET https://firebase.googleapis.com/v1beta1/projects/kraftsnknots-921a0/adminSdkConfig [none]
[debug] [2025-12-28T04:06:15.774Z] <<< [apiv2][status] GET https://firebase.googleapis.com/v1beta1/projects/kraftsnknots-921a0/adminSdkConfig 200
[debug] [2025-12-28T04:06:15.774Z] <<< [apiv2][body] GET https://firebase.googleapis.com/v1beta1/projects/kraftsnknots-921a0/adminSdkConfig {"projectId":"kraftsnknots-921a0","storageBucket":"kraftsnknots-921a0.firebasestorage.app"}
[debug] [2025-12-28T04:06:15.780Z] Validating nodejs source
[debug] [2025-12-28T04:06:17.558Z] > [functions] package.json contents: {
  "name": "functions",
  "description": "Cloud Functions for Firebase",
  "scripts": {
    "serve": "firebase emulators:start --only functions",
    "shell": "firebase functions:shell",
    "start": "npm run shell",
    "deploy": "firebase deploy --only functions",
    "logs": "firebase functions:log"
  },
  "engines": {
    "node": "24"
  },
  "main": "index.js",
  "dependencies": {
    "axios": "^1.13.2",
    "cors": "^2.8.5",
    "firebase-admin": "^13.6.0",
    "firebase-functions": "^7.0.0",
    "nodemailer": "^7.0.12",
    "pdfkit": "^0.17.2",
    "razorpay": "^2.9.6",
    "uuid": "^13.0.0"
  },
  "devDependencies": {
    "firebase-functions-test": "^3.4.1"
  },
  "private": true
}
[debug] [2025-12-28T04:06:17.558Z] Building nodejs source
[info] i  functions: Loading and analyzing source code for codebase default to determine what to deploy 
